2024-07-26 09:23:09,761 - INFO - Releasing port 8002 if it is in use.
2024-07-26 09:23:09,784 - INFO - No process found using port 8002
2024-07-26 09:23:09,784 - INFO - Releasing port 8003 if it is in use.
2024-07-26 09:23:09,805 - INFO - No process found using port 8003
2024-07-26 09:23:09,805 - INFO - Releasing port 8004 if it is in use.
2024-07-26 09:23:09,826 - INFO - No process found using port 8004
2024-07-26 09:23:09,826 - INFO - Releasing port 8006 if it is in use.
2024-07-26 09:23:09,848 - INFO - No process found using port 8006
2024-07-26 09:23:09,849 - INFO - Releasing port 8007 if it is in use.
2024-07-26 09:23:09,870 - INFO - No process found using port 8007
2024-07-26 09:23:10,882 - DEBUG - starting thread (client mode): 0x1a076128
2024-07-26 09:23:10,882 - DEBUG - Local version/idstring: SSH-2.0-paramiko_3.4.0
2024-07-26 09:23:10,882 - DEBUG - starting thread (client mode): 0x1a05ffd0
2024-07-26 09:23:10,883 - DEBUG - Local version/idstring: SSH-2.0-paramiko_3.4.0
2024-07-26 09:23:10,883 - DEBUG - starting thread (client mode): 0x1a05feb8
2024-07-26 09:23:10,883 - DEBUG - Local version/idstring: SSH-2.0-paramiko_3.4.0
2024-07-26 09:23:10,884 - DEBUG - starting thread (client mode): 0x1a076240
2024-07-26 09:23:10,884 - DEBUG - Local version/idstring: SSH-2.0-paramiko_3.4.0
2024-07-26 09:23:10,886 - DEBUG - starting thread (client mode): 0x1a075358
2024-07-26 09:23:10,886 - DEBUG - Local version/idstring: SSH-2.0-paramiko_3.4.0
2024-07-26 09:23:10,889 - DEBUG - Remote version/idstring: SSH-2.0-OpenSSH_7.4
2024-07-26 09:23:10,890 - INFO - Connected (version 2.0, client OpenSSH_7.4)
2024-07-26 09:23:10,890 - DEBUG - Remote version/idstring: SSH-2.0-OpenSSH_7.4
2024-07-26 09:23:10,890 - INFO - Connected (version 2.0, client OpenSSH_7.4)
2024-07-26 09:23:10,890 - DEBUG - Remote version/idstring: SSH-2.0-OpenSSH_7.4
2024-07-26 09:23:10,890 - INFO - Connected (version 2.0, client OpenSSH_7.4)
2024-07-26 09:23:10,892 - DEBUG - Remote version/idstring: SSH-2.0-OpenSSH_7.4
2024-07-26 09:23:10,892 - INFO - Connected (version 2.0, client OpenSSH_7.4)
2024-07-26 09:23:10,892 - DEBUG - === Key exchange possibilities ===
2024-07-26 09:23:10,892 - DEBUG - kex algos: curve25519-sha256, curve25519-sha256@libssh.org, ecdh-sha2-nistp256, ecdh-sha2-nistp384, ecdh-sha2-nistp521, diffie-hellman-group-exchange-sha256, diffie-hellman-group16-sha512, diffie-hellman-group18-sha512, diffie-hellman-group-exchange-sha1, diffie-hellman-group14-sha256, diffie-hellman-group14-sha1, diffie-hellman-group1-sha1
2024-07-26 09:23:10,892 - DEBUG - server key: ssh-rsa, rsa-sha2-512, rsa-sha2-256, ecdsa-sha2-nistp256, ssh-ed25519
2024-07-26 09:23:10,892 - DEBUG - client encrypt: chacha20-poly1305@openssh.com, aes128-ctr, aes192-ctr, aes256-ctr, aes128-gcm@openssh.com, aes256-gcm@openssh.com, aes128-cbc, aes192-cbc, aes256-cbc, blowfish-cbc, cast128-cbc, 3des-cbc
2024-07-26 09:23:10,892 - DEBUG - server encrypt: chacha20-poly1305@openssh.com, aes128-ctr, aes192-ctr, aes256-ctr, aes128-gcm@openssh.com, aes256-gcm@openssh.com, aes128-cbc, aes192-cbc, aes256-cbc, blowfish-cbc, cast128-cbc, 3des-cbc
2024-07-26 09:23:10,892 - DEBUG - client mac: umac-64-etm@openssh.com, umac-128-etm@openssh.com, hmac-sha2-256-etm@openssh.com, hmac-sha2-512-etm@openssh.com, hmac-sha1-etm@openssh.com, umac-64@openssh.com, umac-128@openssh.com, hmac-sha2-256, hmac-sha2-512, hmac-sha1
2024-07-26 09:23:10,892 - DEBUG - server mac: umac-64-etm@openssh.com, umac-128-etm@openssh.com, hmac-sha2-256-etm@openssh.com, hmac-sha2-512-etm@openssh.com, hmac-sha1-etm@openssh.com, umac-64@openssh.com, umac-128@openssh.com, hmac-sha2-256, hmac-sha2-512, hmac-sha1
2024-07-26 09:23:10,892 - DEBUG - client compress: none, zlib@openssh.com
2024-07-26 09:23:10,892 - DEBUG - server compress: none, zlib@openssh.com
2024-07-26 09:23:10,892 - DEBUG - client lang: <none>
2024-07-26 09:23:10,892 - DEBUG - server lang: <none>
2024-07-26 09:23:10,892 - DEBUG - kex follows: False
2024-07-26 09:23:10,892 - DEBUG - === Key exchange agreements ===
2024-07-26 09:23:10,892 - DEBUG - === Key exchange possibilities ===
2024-07-26 09:23:10,892 - DEBUG - kex algos: curve25519-sha256, curve25519-sha256@libssh.org, ecdh-sha2-nistp256, ecdh-sha2-nistp384, ecdh-sha2-nistp521, diffie-hellman-group-exchange-sha256, diffie-hellman-group16-sha512, diffie-hellman-group18-sha512, diffie-hellman-group-exchange-sha1, diffie-hellman-group14-sha256, diffie-hellman-group14-sha1, diffie-hellman-group1-sha1
2024-07-26 09:23:10,892 - DEBUG - Kex: curve25519-sha256@libssh.org
2024-07-26 09:23:10,892 - DEBUG - server key: ssh-rsa, rsa-sha2-512, rsa-sha2-256, ecdsa-sha2-nistp256, ssh-ed25519
2024-07-26 09:23:10,892 - DEBUG - HostKey: ssh-ed25519
2024-07-26 09:23:10,892 - DEBUG - client encrypt: chacha20-poly1305@openssh.com, aes128-ctr, aes192-ctr, aes256-ctr, aes128-gcm@openssh.com, aes256-gcm@openssh.com, aes128-cbc, aes192-cbc, aes256-cbc, blowfish-cbc, cast128-cbc, 3des-cbc
2024-07-26 09:23:10,892 - DEBUG - Cipher: aes128-ctr
2024-07-26 09:23:10,892 - DEBUG - server encrypt: chacha20-poly1305@openssh.com, aes128-ctr, aes192-ctr, aes256-ctr, aes128-gcm@openssh.com, aes256-gcm@openssh.com, aes128-cbc, aes192-cbc, aes256-cbc, blowfish-cbc, cast128-cbc, 3des-cbc
2024-07-26 09:23:10,893 - DEBUG - client mac: umac-64-etm@openssh.com, umac-128-etm@openssh.com, hmac-sha2-256-etm@openssh.com, hmac-sha2-512-etm@openssh.com, hmac-sha1-etm@openssh.com, umac-64@openssh.com, umac-128@openssh.com, hmac-sha2-256, hmac-sha2-512, hmac-sha1
2024-07-26 09:23:10,893 - DEBUG - MAC: hmac-sha2-256
2024-07-26 09:23:10,893 - DEBUG - server mac: umac-64-etm@openssh.com, umac-128-etm@openssh.com, hmac-sha2-256-etm@openssh.com, hmac-sha2-512-etm@openssh.com, hmac-sha1-etm@openssh.com, umac-64@openssh.com, umac-128@openssh.com, hmac-sha2-256, hmac-sha2-512, hmac-sha1
2024-07-26 09:23:10,893 - DEBUG - Compression: none
2024-07-26 09:23:10,893 - DEBUG - client compress: none, zlib@openssh.com
2024-07-26 09:23:10,893 - DEBUG - === End of kex handshake ===
2024-07-26 09:23:10,893 - DEBUG - server compress: none, zlib@openssh.com
2024-07-26 09:23:10,893 - DEBUG - client lang: <none>
2024-07-26 09:23:10,893 - DEBUG - server lang: <none>
2024-07-26 09:23:10,893 - DEBUG - kex follows: False
2024-07-26 09:23:10,893 - DEBUG - === Key exchange agreements ===
2024-07-26 09:23:10,893 - DEBUG - Kex: curve25519-sha256@libssh.org
2024-07-26 09:23:10,893 - DEBUG - HostKey: ssh-ed25519
2024-07-26 09:23:10,893 - DEBUG - Cipher: aes128-ctr
2024-07-26 09:23:10,893 - DEBUG - MAC: hmac-sha2-256
2024-07-26 09:23:10,893 - DEBUG - Compression: none
2024-07-26 09:23:10,893 - DEBUG - === End of kex handshake ===
2024-07-26 09:23:10,893 - DEBUG - Remote version/idstring: SSH-2.0-OpenSSH_7.4
2024-07-26 09:23:10,893 - INFO - Connected (version 2.0, client OpenSSH_7.4)
2024-07-26 09:23:10,893 - DEBUG - === Key exchange possibilities ===
2024-07-26 09:23:10,894 - DEBUG - kex algos: curve25519-sha256, curve25519-sha256@libssh.org, ecdh-sha2-nistp256, ecdh-sha2-nistp384, ecdh-sha2-nistp521, diffie-hellman-group-exchange-sha256, diffie-hellman-group16-sha512, diffie-hellman-group18-sha512, diffie-hellman-group-exchange-sha1, diffie-hellman-group14-sha256, diffie-hellman-group14-sha1, diffie-hellman-group1-sha1
2024-07-26 09:23:10,894 - DEBUG - server key: ssh-rsa, rsa-sha2-512, rsa-sha2-256, ecdsa-sha2-nistp256, ssh-ed25519
2024-07-26 09:23:10,894 - DEBUG - client encrypt: chacha20-poly1305@openssh.com, aes128-ctr, aes192-ctr, aes256-ctr, aes128-gcm@openssh.com, aes256-gcm@openssh.com, aes128-cbc, aes192-cbc, aes256-cbc, blowfish-cbc, cast128-cbc, 3des-cbc
2024-07-26 09:23:10,894 - DEBUG - server encrypt: chacha20-poly1305@openssh.com, aes128-ctr, aes192-ctr, aes256-ctr, aes128-gcm@openssh.com, aes256-gcm@openssh.com, aes128-cbc, aes192-cbc, aes256-cbc, blowfish-cbc, cast128-cbc, 3des-cbc
2024-07-26 09:23:10,894 - DEBUG - client mac: umac-64-etm@openssh.com, umac-128-etm@openssh.com, hmac-sha2-256-etm@openssh.com, hmac-sha2-512-etm@openssh.com, hmac-sha1-etm@openssh.com, umac-64@openssh.com, umac-128@openssh.com, hmac-sha2-256, hmac-sha2-512, hmac-sha1
2024-07-26 09:23:10,894 - DEBUG - server mac: umac-64-etm@openssh.com, umac-128-etm@openssh.com, hmac-sha2-256-etm@openssh.com, hmac-sha2-512-etm@openssh.com, hmac-sha1-etm@openssh.com, umac-64@openssh.com, umac-128@openssh.com, hmac-sha2-256, hmac-sha2-512, hmac-sha1
2024-07-26 09:23:10,894 - DEBUG - client compress: none, zlib@openssh.com
2024-07-26 09:23:10,894 - DEBUG - server compress: none, zlib@openssh.com
2024-07-26 09:23:10,894 - DEBUG - client lang: <none>
2024-07-26 09:23:10,894 - DEBUG - server lang: <none>
2024-07-26 09:23:10,894 - DEBUG - kex follows: False
2024-07-26 09:23:10,894 - DEBUG - === Key exchange agreements ===
2024-07-26 09:23:10,894 - DEBUG - Kex: curve25519-sha256@libssh.org
2024-07-26 09:23:10,894 - DEBUG - HostKey: ssh-ed25519
2024-07-26 09:23:10,894 - DEBUG - Cipher: aes128-ctr
2024-07-26 09:23:10,894 - DEBUG - MAC: hmac-sha2-256
2024-07-26 09:23:10,894 - DEBUG - === Key exchange possibilities ===
2024-07-26 09:23:10,894 - DEBUG - Compression: none
2024-07-26 09:23:10,894 - DEBUG - === End of kex handshake ===
2024-07-26 09:23:10,894 - DEBUG - kex algos: curve25519-sha256, curve25519-sha256@libssh.org, ecdh-sha2-nistp256, ecdh-sha2-nistp384, ecdh-sha2-nistp521, diffie-hellman-group-exchange-sha256, diffie-hellman-group16-sha512, diffie-hellman-group18-sha512, diffie-hellman-group-exchange-sha1, diffie-hellman-group14-sha256, diffie-hellman-group14-sha1, diffie-hellman-group1-sha1
2024-07-26 09:23:10,894 - DEBUG - server key: ssh-rsa, rsa-sha2-512, rsa-sha2-256, ecdsa-sha2-nistp256, ssh-ed25519
2024-07-26 09:23:10,894 - DEBUG - client encrypt: chacha20-poly1305@openssh.com, aes128-ctr, aes192-ctr, aes256-ctr, aes128-gcm@openssh.com, aes256-gcm@openssh.com, aes128-cbc, aes192-cbc, aes256-cbc, blowfish-cbc, cast128-cbc, 3des-cbc
2024-07-26 09:23:10,894 - DEBUG - server encrypt: chacha20-poly1305@openssh.com, aes128-ctr, aes192-ctr, aes256-ctr, aes128-gcm@openssh.com, aes256-gcm@openssh.com, aes128-cbc, aes192-cbc, aes256-cbc, blowfish-cbc, cast128-cbc, 3des-cbc
2024-07-26 09:23:10,894 - DEBUG - client mac: umac-64-etm@openssh.com, umac-128-etm@openssh.com, hmac-sha2-256-etm@openssh.com, hmac-sha2-512-etm@openssh.com, hmac-sha1-etm@openssh.com, umac-64@openssh.com, umac-128@openssh.com, hmac-sha2-256, hmac-sha2-512, hmac-sha1
2024-07-26 09:23:10,895 - DEBUG - server mac: umac-64-etm@openssh.com, umac-128-etm@openssh.com, hmac-sha2-256-etm@openssh.com, hmac-sha2-512-etm@openssh.com, hmac-sha1-etm@openssh.com, umac-64@openssh.com, umac-128@openssh.com, hmac-sha2-256, hmac-sha2-512, hmac-sha1
2024-07-26 09:23:10,895 - DEBUG - client compress: none, zlib@openssh.com
2024-07-26 09:23:10,895 - DEBUG - server compress: none, zlib@openssh.com
2024-07-26 09:23:10,895 - DEBUG - client lang: <none>
2024-07-26 09:23:10,895 - DEBUG - server lang: <none>
2024-07-26 09:23:10,895 - DEBUG - kex follows: False
2024-07-26 09:23:10,895 - DEBUG - === Key exchange agreements ===
2024-07-26 09:23:10,895 - DEBUG - Kex: curve25519-sha256@libssh.org
2024-07-26 09:23:10,895 - DEBUG - HostKey: ssh-ed25519
2024-07-26 09:23:10,895 - DEBUG - Cipher: aes128-ctr
2024-07-26 09:23:10,895 - DEBUG - MAC: hmac-sha2-256
2024-07-26 09:23:10,895 - DEBUG - Compression: none
2024-07-26 09:23:10,895 - DEBUG - === End of kex handshake ===
2024-07-26 09:23:10,895 - DEBUG - === Key exchange possibilities ===
2024-07-26 09:23:10,895 - DEBUG - kex algos: curve25519-sha256, curve25519-sha256@libssh.org, ecdh-sha2-nistp256, ecdh-sha2-nistp384, ecdh-sha2-nistp521, diffie-hellman-group-exchange-sha256, diffie-hellman-group16-sha512, diffie-hellman-group18-sha512, diffie-hellman-group-exchange-sha1, diffie-hellman-group14-sha256, diffie-hellman-group14-sha1, diffie-hellman-group1-sha1
2024-07-26 09:23:10,895 - DEBUG - server key: ssh-rsa, rsa-sha2-512, rsa-sha2-256, ecdsa-sha2-nistp256, ssh-ed25519
2024-07-26 09:23:10,895 - DEBUG - client encrypt: chacha20-poly1305@openssh.com, aes128-ctr, aes192-ctr, aes256-ctr, aes128-gcm@openssh.com, aes256-gcm@openssh.com, aes128-cbc, aes192-cbc, aes256-cbc, blowfish-cbc, cast128-cbc, 3des-cbc
2024-07-26 09:23:10,895 - DEBUG - server encrypt: chacha20-poly1305@openssh.com, aes128-ctr, aes192-ctr, aes256-ctr, aes128-gcm@openssh.com, aes256-gcm@openssh.com, aes128-cbc, aes192-cbc, aes256-cbc, blowfish-cbc, cast128-cbc, 3des-cbc
2024-07-26 09:23:10,895 - DEBUG - client mac: umac-64-etm@openssh.com, umac-128-etm@openssh.com, hmac-sha2-256-etm@openssh.com, hmac-sha2-512-etm@openssh.com, hmac-sha1-etm@openssh.com, umac-64@openssh.com, umac-128@openssh.com, hmac-sha2-256, hmac-sha2-512, hmac-sha1
2024-07-26 09:23:10,896 - DEBUG - server mac: umac-64-etm@openssh.com, umac-128-etm@openssh.com, hmac-sha2-256-etm@openssh.com, hmac-sha2-512-etm@openssh.com, hmac-sha1-etm@openssh.com, umac-64@openssh.com, umac-128@openssh.com, hmac-sha2-256, hmac-sha2-512, hmac-sha1
2024-07-26 09:23:10,896 - DEBUG - client compress: none, zlib@openssh.com
2024-07-26 09:23:10,896 - DEBUG - server compress: none, zlib@openssh.com
2024-07-26 09:23:10,896 - DEBUG - client lang: <none>
2024-07-26 09:23:10,896 - DEBUG - server lang: <none>
2024-07-26 09:23:10,896 - DEBUG - kex follows: False
2024-07-26 09:23:10,896 - DEBUG - === Key exchange agreements ===
2024-07-26 09:23:10,896 - DEBUG - Kex: curve25519-sha256@libssh.org
2024-07-26 09:23:10,896 - DEBUG - HostKey: ssh-ed25519
2024-07-26 09:23:10,896 - DEBUG - Cipher: aes128-ctr
2024-07-26 09:23:10,896 - DEBUG - MAC: hmac-sha2-256
2024-07-26 09:23:10,896 - DEBUG - Compression: none
2024-07-26 09:23:10,896 - DEBUG - === End of kex handshake ===
2024-07-26 09:23:10,900 - DEBUG - kex engine KexCurve25519 specified hash_algo <built-in function openssl_sha256>
2024-07-26 09:23:10,901 - DEBUG - Switch to new keys ...
2024-07-26 09:23:10,902 - DEBUG - kex engine KexCurve25519 specified hash_algo <built-in function openssl_sha256>
2024-07-26 09:23:10,902 - DEBUG - Got EXT_INFO: {'server-sig-algs': b'rsa-sha2-256,rsa-sha2-512'}
2024-07-26 09:23:10,902 - DEBUG - Adding ssh-ed25519 host key for 10.100.1.241: b'f0a165d238a7c52de56c810e1a4334bd'
2024-07-26 09:23:10,902 - DEBUG - kex engine KexCurve25519 specified hash_algo <built-in function openssl_sha256>
2024-07-26 09:23:10,902 - DEBUG - Switch to new keys ...
2024-07-26 09:23:10,903 - DEBUG - Got EXT_INFO: {'server-sig-algs': b'rsa-sha2-256,rsa-sha2-512'}
2024-07-26 09:23:10,903 - DEBUG - Adding ssh-ed25519 host key for 10.100.1.79: b'd59264f2086f5807f1885c0023c27415'
2024-07-26 09:23:10,903 - DEBUG - Switch to new keys ...
2024-07-26 09:23:10,903 - DEBUG - kex engine KexCurve25519 specified hash_algo <built-in function openssl_sha256>
2024-07-26 09:23:10,904 - DEBUG - Got EXT_INFO: {'server-sig-algs': b'rsa-sha2-256,rsa-sha2-512'}
2024-07-26 09:23:10,904 - DEBUG - Adding ssh-ed25519 host key for 10.100.1.241: b'f0a165d238a7c52de56c810e1a4334bd'
2024-07-26 09:23:10,904 - DEBUG - Switch to new keys ...
2024-07-26 09:23:10,904 - DEBUG - kex engine KexCurve25519 specified hash_algo <built-in function openssl_sha256>
2024-07-26 09:23:10,905 - DEBUG - Got EXT_INFO: {'server-sig-algs': b'rsa-sha2-256,rsa-sha2-512'}
2024-07-26 09:23:10,905 - DEBUG - Adding ssh-ed25519 host key for 10.100.1.241: b'f0a165d238a7c52de56c810e1a4334bd'
2024-07-26 09:23:10,905 - DEBUG - Switch to new keys ...
2024-07-26 09:23:10,906 - DEBUG - Adding ssh-ed25519 host key for 10.100.1.241: b'f0a165d238a7c52de56c810e1a4334bd'
2024-07-26 09:23:10,906 - DEBUG - Got EXT_INFO: {'server-sig-algs': b'rsa-sha2-256,rsa-sha2-512'}
2024-07-26 09:23:10,940 - DEBUG - userauth is OK
2024-07-26 09:23:10,942 - DEBUG - userauth is OK
2024-07-26 09:23:10,942 - DEBUG - userauth is OK
2024-07-26 09:23:10,944 - DEBUG - userauth is OK
2024-07-26 09:23:10,944 - DEBUG - userauth is OK
2024-07-26 09:23:10,973 - INFO - Authentication (password) successful!
2024-07-26 09:23:10,973 - DEBUG - [chan 0] Max packet in: 32768 bytes
2024-07-26 09:23:10,975 - INFO - Authentication (password) successful!
2024-07-26 09:23:10,975 - INFO - Authentication (password) successful!
2024-07-26 09:23:10,975 - DEBUG - [chan 0] Max packet in: 32768 bytes
2024-07-26 09:23:10,975 - DEBUG - [chan 0] Max packet in: 32768 bytes
2024-07-26 09:23:10,976 - INFO - Authentication (password) successful!
2024-07-26 09:23:10,976 - DEBUG - [chan 0] Max packet in: 32768 bytes
2024-07-26 09:23:10,977 - INFO - Authentication (password) successful!
2024-07-26 09:23:10,977 - DEBUG - [chan 0] Max packet in: 32768 bytes
2024-07-26 09:23:10,983 - DEBUG - Received global request "hostkeys-00@openssh.com"
2024-07-26 09:23:10,983 - DEBUG - Rejecting "hostkeys-00@openssh.com" global request from server.
2024-07-26 09:23:10,988 - DEBUG - Received global request "hostkeys-00@openssh.com"
2024-07-26 09:23:10,988 - DEBUG - Rejecting "hostkeys-00@openssh.com" global request from server.
2024-07-26 09:23:10,988 - DEBUG - Received global request "hostkeys-00@openssh.com"
2024-07-26 09:23:10,988 - DEBUG - Rejecting "hostkeys-00@openssh.com" global request from server.
2024-07-26 09:23:10,988 - DEBUG - Received global request "hostkeys-00@openssh.com"
2024-07-26 09:23:10,989 - DEBUG - Rejecting "hostkeys-00@openssh.com" global request from server.
2024-07-26 09:23:10,990 - DEBUG - Received global request "hostkeys-00@openssh.com"
2024-07-26 09:23:10,990 - DEBUG - Rejecting "hostkeys-00@openssh.com" global request from server.
2024-07-26 09:23:11,023 - DEBUG - [chan 0] Max packet out: 32768 bytes
2024-07-26 09:23:11,023 - DEBUG - Secsh channel 0 opened.
2024-07-26 09:23:11,025 - DEBUG - [chan 0] Sesch channel 0 request ok
2024-07-26 09:23:11,027 - DEBUG - [chan 0] Max packet out: 32768 bytes
2024-07-26 09:23:11,028 - DEBUG - Secsh channel 0 opened.
2024-07-26 09:23:11,028 - DEBUG - [chan 0] Max packet out: 32768 bytes
2024-07-26 09:23:11,028 - DEBUG - Secsh channel 0 opened.
2024-07-26 09:23:11,028 - DEBUG - [chan 0] Max packet out: 32768 bytes
2024-07-26 09:23:11,028 - DEBUG - Secsh channel 0 opened.
2024-07-26 09:23:11,029 - DEBUG - [chan 0] Max packet out: 32768 bytes
2024-07-26 09:23:11,030 - DEBUG - Secsh channel 0 opened.
2024-07-26 09:23:11,030 - DEBUG - [chan 0] Sesch channel 0 request ok
2024-07-26 09:23:11,030 - DEBUG - [chan 0] Sesch channel 0 request ok
2024-07-26 09:23:11,031 - DEBUG - [chan 0] Sesch channel 0 request ok
2024-07-26 09:23:11,033 - DEBUG - [chan 0] Sesch channel 0 request ok
2024-07-26 09:23:11,039 - DEBUG - [chan 0] EOF received (0)
2024-07-26 09:23:11,039 - DEBUG - [chan 0] EOF sent (0)
2024-07-26 09:23:11,040 - DEBUG - Dropping user packet because connection is dead.
2024-07-26 09:23:11,040 - INFO - Result from port 8004: Running command on port 8004

2024-07-26 09:23:11,043 - DEBUG - [chan 0] EOF received (0)
2024-07-26 09:23:11,044 - DEBUG - [chan 0] EOF sent (0)
2024-07-26 09:23:11,044 - DEBUG - Dropping user packet because connection is dead.
2024-07-26 09:23:11,044 - DEBUG - [chan 0] EOF received (0)
2024-07-26 09:23:11,044 - INFO - Result from port 8007: Running command on port 8007

2024-07-26 09:23:11,044 - DEBUG - [chan 0] EOF sent (0)
2024-07-26 09:23:11,044 - DEBUG - [chan 0] EOF received (0)
2024-07-26 09:23:11,044 - DEBUG - [chan 0] EOF sent (0)
2024-07-26 09:23:11,045 - INFO - Result from port 8003: Running command on port 8003

2024-07-26 09:23:11,045 - INFO - Result from port 8006: Running command on port 8006

2024-07-26 09:23:11,057 - DEBUG - [chan 0] EOF received (0)
2024-07-26 09:23:11,057 - DEBUG - [chan 0] EOF sent (0)
2024-07-26 09:23:11,058 - INFO - Result from port 8002: Running command on port 8002

