This file contains any messages produced by compilers while
running configure, to aid debugging if configure makes a mistake.

It was created by thread configure 2.8.9, which was
generated by GNU Autoconf 2.72.  Invocation command line was

  $ /home/sieluser/data/tcl8.6.14/pkgs/thread2.8.9/configure --with-tcl=../.. --with-tclinclude=/home/sieluser/data/tcl8.6.14/generic --libdir=/usr/local/lib --enable-shared --enable-threads

## --------- ##
## Platform. ##
## --------- ##

hostname = buildrut
uname -m = x86_64
uname -r = 3.10.0-1160.80.1.el7.x86_64
uname -s = Linux
uname -v = #1 SMP Tue Nov 8 15:48:59 UTC 2022

/usr/bin/uname -p = x86_64
/bin/uname -X     = unknown

/bin/arch              = x86_64
/usr/bin/arch -k       = unknown
/usr/convex/getsysinfo = unknown
/usr/bin/hostinfo      = unknown
/bin/machine           = unknown
/usr/bin/oslevel       = unknown
/bin/universe          = unknown

PATH: /sbin/
PATH: /bin/
PATH: /usr/sbin/
PATH: /usr/bin/


## ----------- ##
## Core tests. ##
## ----------- ##

configure:2486: checking TEA configuration
configure:2492: result: ok (TEA 3.13)
configure:2579: configuring thread 2.8.9
configure:2609: checking system version
configure:2637: result: Linux-3.10.0-1160.80.1.el7.x86_64
configure:2686: checking for Tcl configuration
configure:2820: result: found /home/sieluser/data/tcl8.6.14/unix/tclConfig.sh
configure:2888: checking for gcc
configure:2909: found /bin/gcc
configure:2921: result: gcc
configure:3280: checking for C compiler version
configure:3289: gcc --version >&5
gcc (GCC) 4.8.5 20150623 (Red Hat 4.8.5-44)
Copyright (C) 2015 Free Software Foundation, Inc.
This is free software; see the source for copying conditions.  There is NO
warranty; not even for MERCHANTABILITY or FITNESS FOR A PARTICULAR PURPOSE.

configure:3300: $? = 0
configure:3289: gcc -v >&5
Using built-in specs.
COLLECT_GCC=gcc
COLLECT_LTO_WRAPPER=/usr/libexec/gcc/x86_64-redhat-linux/4.8.5/lto-wrapper
Target: x86_64-redhat-linux
Configured with: ../configure --prefix=/usr --mandir=/usr/share/man --infodir=/usr/share/info --with-bugurl=http://bugzilla.redhat.com/bugzilla --enable-bootstrap --enable-shared --enable-threads=posix --enable-checking=release --with-system-zlib --enable-__cxa_atexit --disable-libunwind-exceptions --enable-gnu-unique-object --enable-linker-build-id --with-linker-hash-style=gnu --enable-languages=c,c++,objc,obj-c++,java,fortran,ada,go,lto --enable-plugin --enable-initfini-array --disable-libgcj --with-isl=/builddir/build/BUILD/gcc-4.8.5-20150702/obj-x86_64-redhat-linux/isl-install --with-cloog=/builddir/build/BUILD/gcc-4.8.5-20150702/obj-x86_64-redhat-linux/cloog-install --enable-gnu-indirect-function --with-tune=generic --with-arch_32=x86-64 --build=x86_64-redhat-linux
Thread model: posix
gcc version 4.8.5 20150623 (Red Hat 4.8.5-44) (GCC) 
configure:3300: $? = 0
configure:3289: gcc -V >&5
gcc: error: unrecognized command line option '-V'
gcc: fatal error: no input files
compilation terminated.
configure:3300: $? = 4
configure:3289: gcc -qversion >&5
gcc: error: unrecognized command line option '-qversion'
gcc: fatal error: no input files
compilation terminated.
configure:3300: $? = 4
configure:3289: gcc -version >&5
gcc: error: unrecognized command line option '-version'
gcc: fatal error: no input files
compilation terminated.
configure:3300: $? = 4
configure:3320: checking whether the C compiler works
configure:3342: gcc    conftest.c  >&5
configure:3346: $? = 0
configure:3397: result: yes
configure:3401: checking for C compiler default output file name
configure:3403: result: a.out
configure:3409: checking for suffix of executables
configure:3416: gcc -o conftest    conftest.c  >&5
configure:3420: $? = 0
configure:3444: result: 
configure:3468: checking whether we are cross compiling
configure:3476: gcc -o conftest    conftest.c  >&5
configure:3480: $? = 0
configure:3487: ./conftest
configure:3491: $? = 0
configure:3506: result: no
configure:3512: checking for suffix of object files
configure:3535: gcc -c   conftest.c >&5
configure:3539: $? = 0
configure:3563: result: o
configure:3567: checking whether the compiler supports GNU C
configure:3587: gcc -c   conftest.c >&5
configure:3587: $? = 0
configure:3599: result: yes
configure:3610: checking whether gcc accepts -g
configure:3631: gcc -c -g  conftest.c >&5
configure:3631: $? = 0
configure:3678: result: yes
configure:3698: checking for gcc option to enable C11 features
configure:3713: gcc  -c   conftest.c >&5
conftest.c:74:3: error: #error "Compiler does not advertise C99 conformance"
 # error "Compiler does not advertise C99 conformance"
   ^
conftest.c:132:29: error: expected ';', ',' or ')' before 'text'
 test_restrict (ccp restrict text)
                             ^
conftest.c:180:3: error: #error "Compiler does not advertise C11 conformance"
 # error "Compiler does not advertise C11 conformance"
   ^
conftest.c:211:12: error: 'syntax' undeclared here (not in a function)
 #define u8 syntax error!
            ^
conftest.c:212:29: note: in expansion of macro 'u8'
 char const utf8_literal[] = u8"happens to be ASCII" "another string";
                             ^
conftest.c:211:19: error: expected ',' or ';' before 'error'
 #define u8 syntax error!
                   ^
conftest.c:212:29: note: in expansion of macro 'u8'
 char const utf8_literal[] = u8"happens to be ASCII" "another string";
                             ^
conftest.c: In function 'main':
conftest.c:245:18: error: expected '=', ',', ';', 'asm' or '__attribute__' before 'newvar'
   char *restrict newvar = "Another string";
                  ^
conftest.c:245:18: error: 'newvar' undeclared (first use in this function)
conftest.c:245:18: note: each undeclared identifier is reported only once for each function it appears in
conftest.c:255:3: error: 'for' loop initial declarations are only allowed in C99 mode
   for (int i = 0; i < ia->datasize; ++i)
   ^
conftest.c:255:3: note: use option -std=c99 or -std=gnu99 to compile your code
configure:3713: $? = 1
configure: failed program was:
| /* confdefs.h */
| #define PACKAGE_NAME "thread"
| #define PACKAGE_TARNAME "thread"
| #define PACKAGE_VERSION "2.8.9"
| #define PACKAGE_STRING "thread 2.8.9"
| #define PACKAGE_BUGREPORT ""
| #define PACKAGE_URL ""
| /* end confdefs.h.  */
| 
| /* Does the compiler advertise C89 conformance?
|    Do not test the value of __STDC__, because some compilers set it to 0
|    while being otherwise adequately conformant. */
| #if !defined __STDC__
| # error "Compiler does not advertise C89 conformance"
| #endif
| 
| #include <stddef.h>
| #include <stdarg.h>
| struct stat;
| /* Most of the following tests are stolen from RCS 5.7 src/conf.sh.  */
| struct buf { int x; };
| struct buf * (*rcsopen) (struct buf *, struct stat *, int);
| static char *e (char **p, int i)
| {
|   return p[i];
| }
| static char *f (char * (*g) (char **, int), char **p, ...)
| {
|   char *s;
|   va_list v;
|   va_start (v,p);
|   s = g (p, va_arg (v,int));
|   va_end (v);
|   return s;
| }
| 
| /* C89 style stringification. */
| #define noexpand_stringify(a) #a
| const char *stringified = noexpand_stringify(arbitrary+token=sequence);
| 
| /* C89 style token pasting.  Exercises some of the corner cases that
|    e.g. old MSVC gets wrong, but not very hard. */
| #define noexpand_concat(a,b) a##b
| #define expand_concat(a,b) noexpand_concat(a,b)
| extern int vA;
| extern int vbee;
| #define aye A
| #define bee B
| int *pvA = &expand_concat(v,aye);
| int *pvbee = &noexpand_concat(v,bee);
| 
| /* OSF 4.0 Compaq cc is some sort of almost-ANSI by default.  It has
|    function prototypes and stuff, but not \xHH hex character constants.
|    These do not provoke an error unfortunately, instead are silently treated
|    as an "x".  The following induces an error, until -std is added to get
|    proper ANSI mode.  Curiously \x00 != x always comes out true, for an
|    array size at least.  It is necessary to write \x00 == 0 to get something
|    that is true only with -std.  */
| int osf4_cc_array ['\x00' == 0 ? 1 : -1];
| 
| /* IBM C 6 for AIX is almost-ANSI by default, but it replaces macro parameters
|    inside strings and character constants.  */
| #define FOO(x) 'x'
| int xlc6_cc_array[FOO(a) == 'x' ? 1 : -1];
| 
| int test (int i, double x);
| struct s1 {int (*f) (int a);};
| struct s2 {int (*f) (double a);};
| int pairnames (int, char **, int *(*)(struct buf *, struct stat *, int),
|                int, int);
| 
| /* Does the compiler advertise C99 conformance? */
| #if !defined __STDC_VERSION__ || __STDC_VERSION__ < 199901L
| # error "Compiler does not advertise C99 conformance"
| #endif
| 
| // See if C++-style comments work.
| 
| #include <stdbool.h>
| extern int puts (const char *);
| extern int printf (const char *, ...);
| extern int dprintf (int, const char *, ...);
| extern void *malloc (size_t);
| extern void free (void *);
| 
| // Check varargs macros.  These examples are taken from C99 6.10.3.5.
| // dprintf is used instead of fprintf to avoid needing to declare
| // FILE and stderr.
| #define debug(...) dprintf (2, __VA_ARGS__)
| #define showlist(...) puts (#__VA_ARGS__)
| #define report(test,...) ((test) ? puts (#test) : printf (__VA_ARGS__))
| static void
| test_varargs_macros (void)
| {
|   int x = 1234;
|   int y = 5678;
|   debug ("Flag");
|   debug ("X = %d\n", x);
|   showlist (The first, second, and third items.);
|   report (x>y, "x is %d but y is %d", x, y);
| }
| 
| // Check long long types.
| #define BIG64 18446744073709551615ull
| #define BIG32 4294967295ul
| #define BIG_OK (BIG64 / BIG32 == 4294967297ull && BIG64 % BIG32 == 0)
| #if !BIG_OK
|   #error "your preprocessor is broken"
| #endif
| #if BIG_OK
| #else
|   #error "your preprocessor is broken"
| #endif
| static long long int bignum = -9223372036854775807LL;
| static unsigned long long int ubignum = BIG64;
| 
| struct incomplete_array
| {
|   int datasize;
|   double data[];
| };
| 
| struct named_init {
|   int number;
|   const wchar_t *name;
|   double average;
| };
| 
| typedef const char *ccp;
| 
| static inline int
| test_restrict (ccp restrict text)
| {
|   // Iterate through items via the restricted pointer.
|   // Also check for declarations in for loops.
|   for (unsigned int i = 0; *(text+i) != '\0'; ++i)
|     continue;
|   return 0;
| }
| 
| // Check varargs and va_copy.
| static bool
| test_varargs (const char *format, ...)
| {
|   va_list args;
|   va_start (args, format);
|   va_list args_copy;
|   va_copy (args_copy, args);
| 
|   const char *str = "";
|   int number = 0;
|   float fnumber = 0;
| 
|   while (*format)
|     {
|       switch (*format++)
| 	{
| 	case 's': // string
| 	  str = va_arg (args_copy, const char *);
| 	  break;
| 	case 'd': // int
| 	  number = va_arg (args_copy, int);
| 	  break;
| 	case 'f': // float
| 	  fnumber = va_arg (args_copy, double);
| 	  break;
| 	default:
| 	  break;
| 	}
|     }
|   va_end (args_copy);
|   va_end (args);
| 
|   return *str && number && fnumber;
| }
| 
| 
| /* Does the compiler advertise C11 conformance? */
| #if !defined __STDC_VERSION__ || __STDC_VERSION__ < 201112L
| # error "Compiler does not advertise C11 conformance"
| #endif
| 
| // Check _Alignas.
| char _Alignas (double) aligned_as_double;
| char _Alignas (0) no_special_alignment;
| extern char aligned_as_int;
| char _Alignas (0) _Alignas (int) aligned_as_int;
| 
| // Check _Alignof.
| enum
| {
|   int_alignment = _Alignof (int),
|   int_array_alignment = _Alignof (int[100]),
|   char_alignment = _Alignof (char)
| };
| _Static_assert (0 < -_Alignof (int), "_Alignof is signed");
| 
| // Check _Noreturn.
| int _Noreturn does_not_return (void) { for (;;) continue; }
| 
| // Check _Static_assert.
| struct test_static_assert
| {
|   int x;
|   _Static_assert (sizeof (int) <= sizeof (long int),
|                   "_Static_assert does not work in struct");
|   long int y;
| };
| 
| // Check UTF-8 literals.
| #define u8 syntax error!
| char const utf8_literal[] = u8"happens to be ASCII" "another string";
| 
| // Check duplicate typedefs.
| typedef long *long_ptr;
| typedef long int *long_ptr;
| typedef long_ptr long_ptr;
| 
| // Anonymous structures and unions -- taken from C11 6.7.2.1 Example 1.
| struct anonymous
| {
|   union {
|     struct { int i; int j; };
|     struct { int k; long int l; } w;
|   };
|   int m;
| } v1;
| 
| 
| int
| main (int argc, char **argv)
| {
|   int ok = 0;
|   
| ok |= (argc == 0 || f (e, argv, 0) != argv[0] || f (e, argv, 1) != argv[1]);
| 
|   
|   // Check bool.
|   _Bool success = false;
|   success |= (argc != 0);
| 
|   // Check restrict.
|   if (test_restrict ("String literal") == 0)
|     success = true;
|   char *restrict newvar = "Another string";
| 
|   // Check varargs.
|   success &= test_varargs ("s, d' f .", "string", 65, 34.234);
|   test_varargs_macros ();
| 
|   // Check flexible array members.
|   struct incomplete_array *ia =
|     malloc (sizeof (struct incomplete_array) + (sizeof (double) * 10));
|   ia->datasize = 10;
|   for (int i = 0; i < ia->datasize; ++i)
|     ia->data[i] = i * 1.234;
|   // Work around memory leak warnings.
|   free (ia);
| 
|   // Check named initializers.
|   struct named_init ni = {
|     .number = 34,
|     .name = L"Test wide string",
|     .average = 543.34343,
|   };
| 
|   ni.number = 58;
| 
|   int dynamic_array[ni.number];
|   dynamic_array[0] = argv[0][0];
|   dynamic_array[ni.number - 1] = 543;
| 
|   // work around unused variable warnings
|   ok |= (!success || bignum == 0LL || ubignum == 0uLL || newvar[0] == 'x'
| 	 || dynamic_array[ni.number - 1] != 543);
| 
|   
|   _Static_assert ((offsetof (struct anonymous, i)
| 		   == offsetof (struct anonymous, w.k)),
| 		  "Anonymous union alignment botch");
|   v1.i = 2;
|   v1.w.k = 5;
|   ok |= v1.i != 5;
| 
|   return ok;
| }
| 
configure:3713: gcc -std=gnu11 -c   conftest.c >&5
configure:3713: $? = 0
configure:3735: result: -std=gnu11
configure:3852: checking for existence of /home/sieluser/data/tcl8.6.14/unix/tclConfig.sh
configure:3856: result: loading
configure:3910: checking platform
configure:3928: gcc -c   conftest.c >&5
configure:3928: $? = 0
configure:3987: result: unix
configure:4035: --prefix defaulting to TCL_PREFIX /usr/local
configure:4047: --exec-prefix defaulting to TCL_EXEC_PREFIX /usr/local
configure:4123: checking for gcc
configure:4156: result: gcc
configure:4515: checking for C compiler version
configure:4524: gcc --version >&5
gcc (GCC) 4.8.5 20150623 (Red Hat 4.8.5-44)
Copyright (C) 2015 Free Software Foundation, Inc.
This is free software; see the source for copying conditions.  There is NO
warranty; not even for MERCHANTABILITY or FITNESS FOR A PARTICULAR PURPOSE.

configure:4535: $? = 0
configure:4524: gcc -v >&5
Using built-in specs.
COLLECT_GCC=gcc
COLLECT_LTO_WRAPPER=/usr/libexec/gcc/x86_64-redhat-linux/4.8.5/lto-wrapper
Target: x86_64-redhat-linux
Configured with: ../configure --prefix=/usr --mandir=/usr/share/man --infodir=/usr/share/info --with-bugurl=http://bugzilla.redhat.com/bugzilla --enable-bootstrap --enable-shared --enable-threads=posix --enable-checking=release --with-system-zlib --enable-__cxa_atexit --disable-libunwind-exceptions --enable-gnu-unique-object --enable-linker-build-id --with-linker-hash-style=gnu --enable-languages=c,c++,objc,obj-c++,java,fortran,ada,go,lto --enable-plugin --enable-initfini-array --disable-libgcj --with-isl=/builddir/build/BUILD/gcc-4.8.5-20150702/obj-x86_64-redhat-linux/isl-install --with-cloog=/builddir/build/BUILD/gcc-4.8.5-20150702/obj-x86_64-redhat-linux/cloog-install --enable-gnu-indirect-function --with-tune=generic --with-arch_32=x86-64 --build=x86_64-redhat-linux
Thread model: posix
gcc version 4.8.5 20150623 (Red Hat 4.8.5-44) (GCC) 
configure:4535: $? = 0
configure:4524: gcc -V >&5
gcc: error: unrecognized command line option '-V'
gcc: fatal error: no input files
compilation terminated.
configure:4535: $? = 4
configure:4524: gcc -qversion >&5
gcc: error: unrecognized command line option '-qversion'
gcc: fatal error: no input files
compilation terminated.
configure:4535: $? = 4
configure:4524: gcc -version >&5
gcc: error: unrecognized command line option '-version'
gcc: fatal error: no input files
compilation terminated.
configure:4535: $? = 4
configure:4539: checking whether the compiler supports GNU C
configure:4571: result: yes
configure:4582: checking whether gcc accepts -g
configure:4650: result: yes
configure:4670: checking for gcc option to enable C11 features
configure:4707: result: -std=gnu11
configure:4827: checking how to run the C preprocessor
configure:4853: gcc -std=gnu11 -E  conftest.c
configure:4853: $? = 0
configure:4869: gcc -std=gnu11 -E  conftest.c
conftest.c:10:28: fatal error: ac_nonexistent.h: No such file or directory
 #include <ac_nonexistent.h>
                            ^
compilation terminated.
configure:4869: $? = 1
configure: failed program was:
| /* confdefs.h */
| #define PACKAGE_NAME "thread"
| #define PACKAGE_TARNAME "thread"
| #define PACKAGE_VERSION "2.8.9"
| #define PACKAGE_STRING "thread 2.8.9"
| #define PACKAGE_BUGREPORT ""
| #define PACKAGE_URL ""
| #define BUILD_thread /**/
| /* end confdefs.h.  */
| #include <ac_nonexistent.h>
configure:4898: result: gcc -std=gnu11 -E
configure:4912: gcc -std=gnu11 -E  conftest.c
configure:4912: $? = 0
configure:4928: gcc -std=gnu11 -E  conftest.c
conftest.c:10:28: fatal error: ac_nonexistent.h: No such file or directory
 #include <ac_nonexistent.h>
                            ^
compilation terminated.
configure:4928: $? = 1
configure: failed program was:
| /* confdefs.h */
| #define PACKAGE_NAME "thread"
| #define PACKAGE_TARNAME "thread"
| #define PACKAGE_VERSION "2.8.9"
| #define PACKAGE_STRING "thread 2.8.9"
| #define PACKAGE_BUGREPORT ""
| #define PACKAGE_URL ""
| #define BUILD_thread /**/
| /* end confdefs.h.  */
| #include <ac_nonexistent.h>
configure:4965: checking whether make sets $(MAKE)
configure:4989: result: yes
configure:5052: checking for ranlib
configure:5073: found /bin/ranlib
configure:5085: result: ranlib
configure:5119: checking for stdio.h
configure:5119: gcc -std=gnu11 -c   conftest.c >&5
configure:5119: $? = 0
configure:5119: result: yes
configure:5119: checking for stdlib.h
configure:5119: gcc -std=gnu11 -c   conftest.c >&5
configure:5119: $? = 0
configure:5119: result: yes
configure:5119: checking for string.h
configure:5119: gcc -std=gnu11 -c   conftest.c >&5
configure:5119: $? = 0
configure:5119: result: yes
configure:5119: checking for inttypes.h
configure:5119: gcc -std=gnu11 -c   conftest.c >&5
configure:5119: $? = 0
configure:5119: result: yes
configure:5119: checking for stdint.h
configure:5119: gcc -std=gnu11 -c   conftest.c >&5
configure:5119: $? = 0
configure:5119: result: yes
configure:5119: checking for strings.h
configure:5119: gcc -std=gnu11 -c   conftest.c >&5
configure:5119: $? = 0
configure:5119: result: yes
configure:5119: checking for sys/stat.h
configure:5119: gcc -std=gnu11 -c   conftest.c >&5
configure:5119: $? = 0
configure:5119: result: yes
configure:5119: checking for sys/types.h
configure:5119: gcc -std=gnu11 -c   conftest.c >&5
configure:5119: $? = 0
configure:5119: result: yes
configure:5119: checking for unistd.h
configure:5119: gcc -std=gnu11 -c   conftest.c >&5
configure:5119: $? = 0
configure:5119: result: yes
configure:5154: checking if the compiler understands -pipe
configure:5173: gcc -std=gnu11 -c  -pipe  conftest.c >&5
configure:5173: $? = 0
configure:5184: result: yes
configure:5201: checking whether byte ordering is bigendian
configure:5217: gcc -std=gnu11 -c  -pipe  conftest.c >&5
conftest.c:22:9: error: unknown type name 'not'
         not a universal capable compiler
         ^
conftest.c:22:15: error: expected '=', ',', ';', 'asm' or '__attribute__' before 'universal'
         not a universal capable compiler
               ^
conftest.c:22:15: error: unknown type name 'universal'
configure:5217: $? = 1
configure: failed program was:
| /* confdefs.h */
| #define PACKAGE_NAME "thread"
| #define PACKAGE_TARNAME "thread"
| #define PACKAGE_VERSION "2.8.9"
| #define PACKAGE_STRING "thread 2.8.9"
| #define PACKAGE_BUGREPORT ""
| #define PACKAGE_URL ""
| #define BUILD_thread /**/
| #define HAVE_STDIO_H 1
| #define HAVE_STDLIB_H 1
| #define HAVE_STRING_H 1
| #define HAVE_INTTYPES_H 1
| #define HAVE_STDINT_H 1
| #define HAVE_STRINGS_H 1
| #define HAVE_SYS_STAT_H 1
| #define HAVE_SYS_TYPES_H 1
| #define HAVE_UNISTD_H 1
| #define STDC_HEADERS 1
| #define Tcl_Size int
| /* end confdefs.h.  */
| #ifndef __APPLE_CC__
| 	       not a universal capable compiler
| 	     #endif
| 	     typedef int dummy;
| 
configure:5263: gcc -std=gnu11 -c  -pipe  conftest.c >&5
configure:5263: $? = 0
configure:5282: gcc -std=gnu11 -c  -pipe  conftest.c >&5
conftest.c: In function 'main':
conftest.c:28:4: error: unknown type name 'not'
    not big endian
    ^
conftest.c:28:12: error: expected '=', ',', ';', 'asm' or '__attribute__' before 'endian'
    not big endian
            ^
configure:5282: $? = 1
configure: failed program was:
| /* confdefs.h */
| #define PACKAGE_NAME "thread"
| #define PACKAGE_TARNAME "thread"
| #define PACKAGE_VERSION "2.8.9"
| #define PACKAGE_STRING "thread 2.8.9"
| #define PACKAGE_BUGREPORT ""
| #define PACKAGE_URL ""
| #define BUILD_thread /**/
| #define HAVE_STDIO_H 1
| #define HAVE_STDLIB_H 1
| #define HAVE_STRING_H 1
| #define HAVE_INTTYPES_H 1
| #define HAVE_STDINT_H 1
| #define HAVE_STRINGS_H 1
| #define HAVE_SYS_STAT_H 1
| #define HAVE_SYS_TYPES_H 1
| #define HAVE_UNISTD_H 1
| #define STDC_HEADERS 1
| #define Tcl_Size int
| /* end confdefs.h.  */
| #include <sys/types.h>
| 		#include <sys/param.h>
| 
| int
| main (void)
| {
| #if BYTE_ORDER != BIG_ENDIAN
| 		 not big endian
| 		#endif
| 
|   ;
|   return 0;
| }
configure:5423: result: no
configure:5594: checking for NaviServer/AOLserver configuration
configure:5622: result: none found
configure:5835: checking for Tcl public headers
configure:5909: result: /home/sieluser/data/tcl8.6.14/generic
configure:5972: checking for pthread_mutex_init in -lpthread
configure:6001: gcc -std=gnu11 -o conftest  -pipe   conftest.c -lpthread   >&5
configure:6001: $? = 0
configure:6013: result: yes
configure:6260: checking for building with threads
configure:6266: result: yes (default)
configure:6295: checking how to build libraries
configure:6333: result: shared
configure:6423: checking for ranlib
configure:6456: result: ranlib
configure:6483: checking if 64bit support is requested
configure:6494: result: no
configure:6499: checking if 64bit Sparc VIS support is requested
configure:6510: result: no
configure:6521: checking if compiler supports visibility "hidden"
configure:6542: gcc -std=gnu11 -o conftest  -pipe -Werror   conftest.c  >&5
configure:6542: $? = 0
configure:6554: result: yes
configure:6570: checking if rpath support is requested
configure:6581: result: yes
configure:6588: checking system version
configure:6616: result: Linux-3.10.0-1160.80.1.el7.x86_64
configure:6704: checking for ar
configure:6725: found /bin/ar
configure:6737: result: ar
configure:8552: checking for cast to union support
configure:8572: gcc -std=gnu11 -c  -pipe  conftest.c >&5
configure:8572: $? = 0
configure:8583: result: yes
configure:8591: checking for stdbool.h
configure:8591: gcc -std=gnu11 -c  -pipe  conftest.c >&5
configure:8591: $? = 0
configure:8591: result: yes
configure:8617: checking for required early compiler flags
configure:8636: gcc -std=gnu11 -c  -pipe  conftest.c >&5
configure:8636: $? = 0
configure:8729: result: none
configure:8737: checking for 64-bit integer type
configure:8757: gcc -std=gnu11 -c  -pipe  conftest.c >&5
conftest.c: In function 'main':
conftest.c:35:1: error: unknown type name '__int64'
 __int64 value = (__int64) 0;
 ^
conftest.c:35:18: error: '__int64' undeclared (first use in this function)
 __int64 value = (__int64) 0;
                  ^
conftest.c:35:18: note: each undeclared identifier is reported only once for each function it appears in
conftest.c:35:27: error: expected ',' or ';' before numeric constant
 __int64 value = (__int64) 0;
                           ^
configure:8757: $? = 1
configure: failed program was:
| /* confdefs.h */
| #define PACKAGE_NAME "thread"
| #define PACKAGE_TARNAME "thread"
| #define PACKAGE_VERSION "2.8.9"
| #define PACKAGE_STRING "thread 2.8.9"
| #define PACKAGE_BUGREPORT ""
| #define PACKAGE_URL ""
| #define BUILD_thread /**/
| #define HAVE_STDIO_H 1
| #define HAVE_STDLIB_H 1
| #define HAVE_STRING_H 1
| #define HAVE_INTTYPES_H 1
| #define HAVE_STDINT_H 1
| #define HAVE_STRINGS_H 1
| #define HAVE_SYS_STAT_H 1
| #define HAVE_SYS_TYPES_H 1
| #define HAVE_UNISTD_H 1
| #define STDC_HEADERS 1
| #define Tcl_Size int
| #define USE_THREAD_ALLOC 1
| #define _REENTRANT 1
| #define _THREAD_SAFE 1
| #define TCL_THREADS 1
| #define USE_TCL_STUBS 1
| #define USE_TCLOO_STUBS 1
| #define MODULE_SCOPE extern __attribute__((__visibility__("hidden")))
| #define HAVE_HIDDEN 1
| #define HAVE_CAST_TO_UNION 1
| #define HAVE_STDBOOL_H 1
| /* end confdefs.h.  */
| 
| int
| main (void)
| {
| __int64 value = (__int64) 0;
|   ;
|   return 0;
| }
configure:8781: gcc -std=gnu11 -c  -pipe  conftest.c >&5
conftest.c: In function 'main':
conftest.c:36:21: error: duplicate case value
             case 1: case (sizeof(long long)==sizeof(long)): ;
                     ^
conftest.c:36:13: error: previously used here
             case 1: case (sizeof(long long)==sizeof(long)): ;
             ^
configure:8781: $? = 1
configure: failed program was:
| /* confdefs.h */
| #define PACKAGE_NAME "thread"
| #define PACKAGE_TARNAME "thread"
| #define PACKAGE_VERSION "2.8.9"
| #define PACKAGE_STRING "thread 2.8.9"
| #define PACKAGE_BUGREPORT ""
| #define PACKAGE_URL ""
| #define BUILD_thread /**/
| #define HAVE_STDIO_H 1
| #define HAVE_STDLIB_H 1
| #define HAVE_STRING_H 1
| #define HAVE_INTTYPES_H 1
| #define HAVE_STDINT_H 1
| #define HAVE_STRINGS_H 1
| #define HAVE_SYS_STAT_H 1
| #define HAVE_SYS_TYPES_H 1
| #define HAVE_UNISTD_H 1
| #define STDC_HEADERS 1
| #define Tcl_Size int
| #define USE_THREAD_ALLOC 1
| #define _REENTRANT 1
| #define _THREAD_SAFE 1
| #define TCL_THREADS 1
| #define USE_TCL_STUBS 1
| #define USE_TCLOO_STUBS 1
| #define MODULE_SCOPE extern __attribute__((__visibility__("hidden")))
| #define HAVE_HIDDEN 1
| #define HAVE_CAST_TO_UNION 1
| #define HAVE_STDBOOL_H 1
| /* end confdefs.h.  */
| 
| int
| main (void)
| {
| switch (0) {
|             case 1: case (sizeof(long long)==sizeof(long)): ;
|         }
|   ;
|   return 0;
| }
configure:8793: result: yes
configure:9059: checking for build with symbols
configure:9073: result: no
configure:9137: checking for egrep -e
configure:9267: result: /bin/grep -E
configure:9412: checking for tclsh
configure:9447: result: /home/sieluser/data/tcl8.6.14/unix/tclsh
configure:9610: creating ./config.status

## ---------------------- ##
## Running config.status. ##
## ---------------------- ##

This file was extended by thread config.status 2.8.9, which was
generated by GNU Autoconf 2.72.  Invocation command line was

  CONFIG_FILES    = 
  CONFIG_HEADERS  = 
  CONFIG_LINKS    = 
  CONFIG_COMMANDS = 
  $ ./config.status 

on buildrut

config.status:799: creating Makefile
config.status:799: creating pkgIndex.tcl

## ---------------- ##
## Cache variables. ##
## ---------------- ##

ac_cv_c_bigendian=no
ac_cv_c_compiler_gnu=yes
ac_cv_c_tclconfig=/home/sieluser/data/tcl8.6.14/unix
ac_cv_c_tclh=/home/sieluser/data/tcl8.6.14/generic
ac_cv_env_CC_set=
ac_cv_env_CC_value=
ac_cv_env_CFLAGS_set=
ac_cv_env_CFLAGS_value=
ac_cv_env_CPPFLAGS_set=
ac_cv_env_CPPFLAGS_value=
ac_cv_env_CPP_set=
ac_cv_env_CPP_value=
ac_cv_env_LDFLAGS_set=
ac_cv_env_LDFLAGS_value=
ac_cv_env_LIBS_set=
ac_cv_env_LIBS_value=
ac_cv_env_build_alias_set=
ac_cv_env_build_alias_value=
ac_cv_env_host_alias_set=
ac_cv_env_host_alias_value=
ac_cv_env_target_alias_set=
ac_cv_env_target_alias_value=
ac_cv_header_inttypes_h=yes
ac_cv_header_stdbool_h=yes
ac_cv_header_stdint_h=yes
ac_cv_header_stdio_h=yes
ac_cv_header_stdlib_h=yes
ac_cv_header_string_h=yes
ac_cv_header_strings_h=yes
ac_cv_header_sys_stat_h=yes
ac_cv_header_sys_types_h=yes
ac_cv_header_unistd_h=yes
ac_cv_lib_pthread_pthread_mutex_init=yes
ac_cv_objext=o
ac_cv_path_EGREP_TRADITIONAL='/bin/grep -E'
ac_cv_prog_CPP='gcc -std=gnu11 -E'
ac_cv_prog_ac_ct_AR=ar
ac_cv_prog_ac_ct_CC=gcc
ac_cv_prog_ac_ct_RANLIB=ranlib
ac_cv_prog_cc_c11=-std=gnu11
ac_cv_prog_cc_g=yes
ac_cv_prog_cc_stdc=-std=gnu11
ac_cv_prog_make_make_set=yes
tcl_cv_cast_to_union=yes
tcl_cv_cc_pipe=yes
tcl_cv_cc_visibility_hidden=yes
tcl_cv_flag__isoc99_source=no
tcl_cv_sys_version=Linux-3.10.0-1160.80.1.el7.x86_64
tcl_cv_type_64bit=none

## ----------------- ##
## Output variables. ##
## ----------------- ##

AR='ar'
CC='gcc -std=gnu11'
CFLAGS=' -pipe ${CFLAGS_DEFAULT} ${CFLAGS_WARNING} ${SHLIB_CFLAGS} '
CFLAGS_DEBUG='-g'
CFLAGS_DEFAULT='-O2 -fomit-frame-pointer -DNDEBUG'
CFLAGS_OPTIMIZE='-O2 -fomit-frame-pointer'
CFLAGS_WARNING='-Wall'
CLEANFILES=''
CPP='gcc -std=gnu11 -E'
CPPFLAGS=''
CYGPATH='echo'
DEFS='-DPACKAGE_NAME=\"thread\" -DPACKAGE_TARNAME=\"thread\" -DPACKAGE_VERSION=\"2.8.9\" -DPACKAGE_STRING=\"thread\ 2.8.9\" -DPACKAGE_BUGREPORT=\"\" -DPACKAGE_URL=\"\" -DBUILD_thread=/\*\*/ -DHAVE_STDIO_H=1 -DHAVE_STDLIB_H=1 -DHAVE_STRING_H=1 -DHAVE_INTTYPES_H=1 -DHAVE_STDINT_H=1 -DHAVE_STRINGS_H=1 -DHAVE_SYS_STAT_H=1 -DHAVE_SYS_TYPES_H=1 -DHAVE_UNISTD_H=1 -DSTDC_HEADERS=1 -DTcl_Size=int -DUSE_THREAD_ALLOC=1 -D_REENTRANT=1 -D_THREAD_SAFE=1 -DTCL_THREADS=1 -DUSE_TCL_STUBS=1 -DUSE_TCLOO_STUBS=1 -DMODULE_SCOPE=extern\ __attribute__\(\(__visibility__\(\"hidden\"\)\)\) -DHAVE_HIDDEN=1 -DHAVE_CAST_TO_UNION=1 -DHAVE_STDBOOL_H=1 -DTCL_WIDE_INT_IS_LONG=1 -DTCL_CFG_OPTIMIZED=1 -DUSE_TCL_STUBS=1 -DTCL_TIP143=1 -DTCL_TIP285=1 -DTCL_MAJOR_VERSION=8'
ECHO_C=''
ECHO_N='-n'
ECHO_T=''
EXEEXT=''
INSTALL='$(SHELL) $(srcdir)/tclconfig/install-sh -c'
INSTALL_DATA='${INSTALL} -m 644'
INSTALL_DATA_DIR='${INSTALL} -d -m 755'
INSTALL_LIBRARY='${INSTALL} -m 644'
INSTALL_PROGRAM='${INSTALL} -m 755'
INSTALL_SCRIPT='${INSTALL} -m 755'
LDFLAGS=' -Wl,--export-dynamic '
LDFLAGS_DEBUG=''
LDFLAGS_DEFAULT=''
LDFLAGS_OPTIMIZE=''
LD_LIBRARY_PATH_VAR='LD_LIBRARY_PATH'
LIBOBJS=''
LIBS=''
LTLIBOBJS=''
MAKE_LIB='${SHLIB_LD} ${LDFLAGS} ${LDFLAGS_DEFAULT} -o $@ $(PKG_OBJECTS) ${SHLIB_LD_LIBS} '
MAKE_SHARED_LIB='${SHLIB_LD} ${LDFLAGS} ${LDFLAGS_DEFAULT} -o $@ $(PKG_OBJECTS) ${SHLIB_LD_LIBS}'
MAKE_STATIC_LIB='${STLIB_LD} $@ $(PKG_OBJECTS)'
MAKE_STUB_LIB='${STLIB_LD} $@ $(PKG_STUB_OBJECTS)'
OBJEXT='o'
PACKAGE_BUGREPORT=''
PACKAGE_NAME='thread'
PACKAGE_STRING='thread 2.8.9'
PACKAGE_TARNAME='thread'
PACKAGE_URL=''
PACKAGE_VERSION='2.8.9'
PATH_SEPARATOR=':'
PKG_CFLAGS='  '
PKG_HEADERS=' generic/tclThread.h'
PKG_INCLUDES=''
PKG_LIBS=''
PKG_LIB_FILE8='libthread2.8.9.so'
PKG_LIB_FILE9='libtcl9thread2.8.9.so'
PKG_LIB_FILE='libthread2.8.9.so'
PKG_OBJECTS=' threadNs.o threadCmd.o threadSvCmd.o threadSpCmd.o threadPoolCmd.o psGdbm.o psLmdb.o threadSvListCmd.o threadSvKeylistCmd.o tclXkeylist.o threadUnix.o'
PKG_SOURCES=' generic/threadNs.c generic/threadCmd.c generic/threadSvCmd.c generic/threadSpCmd.c generic/threadPoolCmd.c generic/psGdbm.c generic/psLmdb.c generic/threadSvListCmd.c generic/threadSvKeylistCmd.c generic/tclXkeylist.c unix/threadUnix.c'
PKG_STUB_LIB_FILE='libthreadstub2.8.9.a'
PKG_STUB_OBJECTS=''
PKG_STUB_SOURCES=''
PKG_TCL_SOURCES=' lib/ttrace.tcl'
RANLIB=':'
RANLIB_STUB='ranlib'
RC=''
SET_MAKE=''
SHARED_BUILD='1'
SHELL='/bin/sh'
SHLIB_CFLAGS='-fPIC'
SHLIB_LD='${CC} ${CFLAGS} ${LDFLAGS_DEFAULT} -shared'
SHLIB_LD_LIBS='${LIBS} -L/home/sieluser/data/tcl8.6.14/unix -ltclstub8.6'
STLIB_LD='${AR} cr'
STUBS_BUILD='1'
TCLSH_PROG='/home/sieluser/data/tcl8.6.14/unix/tclsh'
TCL_BIN_DIR='/home/sieluser/data/tcl8.6.14/unix'
TCL_DEFS='-DPACKAGE_NAME=\"tcl\" -DPACKAGE_TARNAME=\"tcl\" -DPACKAGE_VERSION=\"8.6\" -DPACKAGE_STRING=\"tcl\ 8.6\" -DPACKAGE_BUGREPORT=\"\" -DSTDC_HEADERS=1 -DHAVE_SYS_TYPES_H=1 -DHAVE_SYS_STAT_H=1 -DHAVE_STDLIB_H=1 -DHAVE_STRING_H=1 -DHAVE_MEMORY_H=1 -DHAVE_STRINGS_H=1 -DHAVE_INTTYPES_H=1 -DHAVE_STDINT_H=1 -DHAVE_UNISTD_H=1 -DHAVE_SYS_PARAM_H=1 -DUSE_THREAD_ALLOC=1 -D_REENTRANT=1 -D_THREAD_SAFE=1 -DHAVE_PTHREAD_ATTR_SETSTACKSIZE=1 -DHAVE_PTHREAD_ATFORK=1 -DTCL_THREADS=1 -DTCL_CFGVAL_ENCODING=\"iso8859-1\" -DHAVE_ZLIB=1 -DMODULE_SCOPE=extern\ __attribute__\(\(__visibility__\(\"hidden\"\)\)\) -DHAVE_HIDDEN=1 -DHAVE_CAST_TO_UNION=1 -DHAVE_VFORK=1 -DHAVE_POSIX_SPAWNP=1 -DHAVE_POSIX_SPAWN_FILE_ACTIONS_ADDDUP2=1 -DHAVE_POSIX_SPAWNATTR_SETFLAGS=1 -DTCL_SHLIB_EXT=\".so\" -DNDEBUG=1 -DTCL_CFG_OPTIMIZED=1 -DTCL_TOMMATH=1 -DMP_PREC=4 -D_LARGEFILE64_SOURCE=1 -DTCL_WIDE_INT_IS_LONG=1 -DHAVE_GETCWD=1 -DHAVE_MKSTEMP=1 -DHAVE_OPENDIR=1 -DHAVE_STRTOL=1 -DHAVE_WAITPID=1 -DHAVE_GETNAMEINFO=1 -DHAVE_GETADDRINFO=1 -DHAVE_FREEADDRINFO=1 -DHAVE_GAI_STRERROR=1 -DHAVE_STRUCT_ADDRINFO=1 -DHAVE_STRUCT_IN6_ADDR=1 -DHAVE_STRUCT_SOCKADDR_IN6=1 -DHAVE_STRUCT_SOCKADDR_STORAGE=1 -DHAVE_GETPWUID_R_5=1 -DHAVE_GETPWUID_R=1 -DHAVE_GETPWNAM_R_5=1 -DHAVE_GETPWNAM_R=1 -DHAVE_GETGRGID_R_5=1 -DHAVE_GETGRGID_R=1 -DHAVE_GETGRNAM_R_5=1 -DHAVE_GETGRNAM_R=1 -DHAVE_DECL_GETHOSTBYNAME_R=1 -DHAVE_GETHOSTBYNAME_R_6=1 -DHAVE_GETHOSTBYNAME_R=1 -DHAVE_DECL_GETHOSTBYADDR_R=1 -DHAVE_GETHOSTBYADDR_R_8=1 -DHAVE_GETHOSTBYADDR_R=1 -DHAVE_TERMIOS_H=1 -DHAVE_SYS_IOCTL_H=1 -DHAVE_SYS_TIME_H=1 -DTIME_WITH_SYS_TIME=1 -DHAVE_GMTIME_R=1 -DHAVE_LOCALTIME_R=1 -DHAVE_MKTIME=1 -DHAVE_TM_GMTOFF=1 -DHAVE_TIMEZONE_VAR=1 -DHAVE_STRUCT_STAT_ST_BLOCKS=1 -DHAVE_STRUCT_STAT_ST_BLKSIZE=1 -DHAVE_BLKCNT_T=1 -DHAVE_INTPTR_T=1 -DHAVE_UINTPTR_T=1 -DHAVE_SIGNED_CHAR=1 -DHAVE_LANGINFO=1 -DHAVE_MKSTEMPS=1 -DHAVE_FTS=1 -DHAVE_SYS_IOCTL_H=1 -DTCL_UNLOAD_DLLS=1 -DHAVE_CPUID=1 '
TCL_EXTRA_CFLAGS=' -pipe '
TCL_INCLUDES='-I"/home/sieluser/data/tcl8.6.14/generic"'
TCL_LD_FLAGS=' -Wl,--export-dynamic '
TCL_LIBS='-ldl  -lpthread -lm'
TCL_LIB_FILE='libtcl8.6.so'
TCL_LIB_FLAG='-ltcl8.6'
TCL_LIB_SPEC='-L/home/sieluser/data/tcl8.6.14/unix -ltcl8.6'
TCL_PATCH_LEVEL='.14'
TCL_SHLIB_LD_LIBS='${LIBS}'
TCL_SRC_DIR='/home/sieluser/data/tcl8.6.14'
TCL_STUB_LIB_FILE='libtclstub8.6.a'
TCL_STUB_LIB_FLAG='-ltclstub8.6'
TCL_STUB_LIB_SPEC='-L/home/sieluser/data/tcl8.6.14/unix -ltclstub8.6'
TCL_THREADS='1'
TCL_VERSION='8.6'
VC_MANIFEST_EMBED_DLL=''
VC_MANIFEST_EMBED_EXE=''
ac_ct_CC='gcc'
bindir='${exec_prefix}/bin'
build_alias=''
datadir='${datarootdir}'
datarootdir='${prefix}/share'
docdir='${datarootdir}/doc/${PACKAGE_TARNAME}'
dvidir='${docdir}'
exec_prefix='/usr/local'
host_alias=''
htmldir='${docdir}'
includedir='${prefix}/include'
infodir='${datarootdir}/info'
libdir='/usr/local/lib'
libexecdir='${exec_prefix}/libexec'
localedir='${datarootdir}/locale'
localstatedir='${prefix}/var'
mandir='${datarootdir}/man'
oldincludedir='/usr/include'
pdfdir='${docdir}'
prefix='/usr/local'
program_transform_name='s,x,x,'
psdir='${docdir}'
runstatedir='${localstatedir}/run'
sbindir='${exec_prefix}/sbin'
sharedstatedir='${prefix}/com'
sysconfdir='${prefix}/etc'
target_alias=''

## ----------- ##
## confdefs.h. ##
## ----------- ##

/* confdefs.h */
#define PACKAGE_NAME "thread"
#define PACKAGE_TARNAME "thread"
#define PACKAGE_VERSION "2.8.9"
#define PACKAGE_STRING "thread 2.8.9"
#define PACKAGE_BUGREPORT ""
#define PACKAGE_URL ""
#define BUILD_thread /**/
#define HAVE_STDIO_H 1
#define HAVE_STDLIB_H 1
#define HAVE_STRING_H 1
#define HAVE_INTTYPES_H 1
#define HAVE_STDINT_H 1
#define HAVE_STRINGS_H 1
#define HAVE_SYS_STAT_H 1
#define HAVE_SYS_TYPES_H 1
#define HAVE_UNISTD_H 1
#define STDC_HEADERS 1
#define Tcl_Size int
#define USE_THREAD_ALLOC 1
#define _REENTRANT 1
#define _THREAD_SAFE 1
#define TCL_THREADS 1
#define USE_TCL_STUBS 1
#define USE_TCLOO_STUBS 1
#define MODULE_SCOPE extern __attribute__((__visibility__("hidden")))
#define HAVE_HIDDEN 1
#define HAVE_CAST_TO_UNION 1
#define HAVE_STDBOOL_H 1
#define TCL_WIDE_INT_IS_LONG 1
#define TCL_CFG_OPTIMIZED 1
#define USE_TCL_STUBS 1
#define TCL_TIP143 1
#define TCL_TIP285 1
#define TCL_MAJOR_VERSION 8

configure: exit 0
